<?xml version="1.0" encoding="UTF-8"?>
<testsuite xmlns:xsi="http://www.w3.org/2001/XMLSchema-instance" xsi:noNamespaceSchemaLocation="https://maven.apache.org/surefire/maven-surefire-plugin/xsd/surefire-test-report-3.0.xsd" version="3.0" name="br.com.luisdet.Runners.Runner" time="3.737" tests="21" errors="11" skipped="10" failures="0">
  <properties>
    <property name="gopherProxySet" value="false"/>
    <property name="awt.toolkit" value="sun.lwawt.macosx.LWCToolkit"/>
    <property name="java.specification.version" value="11"/>
    <property name="sun.cpu.isalist" value=""/>
    <property name="sun.jnu.encoding" value="UTF-8"/>
    <property name="java.class.path" value="/Users/braziltest/sources/repos/qa-challenge/target/test-classes:/Users/braziltest/sources/repos/qa-challenge/target/classes:/Users/braziltest/.m2/repository/org/springframework/boot/spring-boot-starter-web/2.1.8.RELEASE/spring-boot-starter-web-2.1.8.RELEASE.jar:/Users/braziltest/.m2/repository/org/springframework/boot/spring-boot-starter/2.1.8.RELEASE/spring-boot-starter-2.1.8.RELEASE.jar:/Users/braziltest/.m2/repository/org/springframework/boot/spring-boot/2.1.8.RELEASE/spring-boot-2.1.8.RELEASE.jar:/Users/braziltest/.m2/repository/org/springframework/boot/spring-boot-autoconfigure/2.1.8.RELEASE/spring-boot-autoconfigure-2.1.8.RELEASE.jar:/Users/braziltest/.m2/repository/org/springframework/boot/spring-boot-starter-logging/2.1.8.RELEASE/spring-boot-starter-logging-2.1.8.RELEASE.jar:/Users/braziltest/.m2/repository/ch/qos/logback/logback-classic/1.2.3/logback-classic-1.2.3.jar:/Users/braziltest/.m2/repository/ch/qos/logback/logback-core/1.2.3/logback-core-1.2.3.jar:/Users/braziltest/.m2/repository/org/apache/logging/log4j/log4j-to-slf4j/2.11.2/log4j-to-slf4j-2.11.2.jar:/Users/braziltest/.m2/repository/org/apache/logging/log4j/log4j-api/2.11.2/log4j-api-2.11.2.jar:/Users/braziltest/.m2/repository/org/slf4j/jul-to-slf4j/1.7.28/jul-to-slf4j-1.7.28.jar:/Users/braziltest/.m2/repository/org/yaml/snakeyaml/1.23/snakeyaml-1.23.jar:/Users/braziltest/.m2/repository/org/springframework/boot/spring-boot-starter-json/2.1.8.RELEASE/spring-boot-starter-json-2.1.8.RELEASE.jar:/Users/braziltest/.m2/repository/com/fasterxml/jackson/core/jackson-databind/2.9.9.3/jackson-databind-2.9.9.3.jar:/Users/braziltest/.m2/repository/com/fasterxml/jackson/core/jackson-annotations/2.9.0/jackson-annotations-2.9.0.jar:/Users/braziltest/.m2/repository/com/fasterxml/jackson/core/jackson-core/2.9.9/jackson-core-2.9.9.jar:/Users/braziltest/.m2/repository/com/fasterxml/jackson/datatype/jackson-datatype-jdk8/2.9.9/jackson-datatype-jdk8-2.9.9.jar:/Users/braziltest/.m2/repository/com/fasterxml/jackson/datatype/jackson-datatype-jsr310/2.9.9/jackson-datatype-jsr310-2.9.9.jar:/Users/braziltest/.m2/repository/com/fasterxml/jackson/module/jackson-module-parameter-names/2.9.9/jackson-module-parameter-names-2.9.9.jar:/Users/braziltest/.m2/repository/org/hibernate/validator/hibernate-validator/6.0.17.Final/hibernate-validator-6.0.17.Final.jar:/Users/braziltest/.m2/repository/javax/validation/validation-api/2.0.1.Final/validation-api-2.0.1.Final.jar:/Users/braziltest/.m2/repository/org/jboss/logging/jboss-logging/3.3.3.Final/jboss-logging-3.3.3.Final.jar:/Users/braziltest/.m2/repository/com/fasterxml/classmate/1.4.0/classmate-1.4.0.jar:/Users/braziltest/.m2/repository/org/springframework/spring-web/5.1.9.RELEASE/spring-web-5.1.9.RELEASE.jar:/Users/braziltest/.m2/repository/org/springframework/spring-beans/5.1.9.RELEASE/spring-beans-5.1.9.RELEASE.jar:/Users/braziltest/.m2/repository/org/springframework/spring-webmvc/5.1.9.RELEASE/spring-webmvc-5.1.9.RELEASE.jar:/Users/braziltest/.m2/repository/org/springframework/spring-aop/5.1.9.RELEASE/spring-aop-5.1.9.RELEASE.jar:/Users/braziltest/.m2/repository/org/springframework/spring-context/5.1.9.RELEASE/spring-context-5.1.9.RELEASE.jar:/Users/braziltest/.m2/repository/org/springframework/spring-expression/5.1.9.RELEASE/spring-expression-5.1.9.RELEASE.jar:/Users/braziltest/.m2/repository/org/springframework/boot/spring-boot-starter-tomcat/2.1.8.RELEASE/spring-boot-starter-tomcat-2.1.8.RELEASE.jar:/Users/braziltest/.m2/repository/javax/annotation/javax.annotation-api/1.3.2/javax.annotation-api-1.3.2.jar:/Users/braziltest/.m2/repository/org/apache/tomcat/embed/tomcat-embed-core/9.0.24/tomcat-embed-core-9.0.24.jar:/Users/braziltest/.m2/repository/org/apache/tomcat/embed/tomcat-embed-el/9.0.24/tomcat-embed-el-9.0.24.jar:/Users/braziltest/.m2/repository/org/apache/tomcat/embed/tomcat-embed-websocket/9.0.24/tomcat-embed-websocket-9.0.24.jar:/Users/braziltest/.m2/repository/org/springframework/boot/spring-boot-starter-actuator/2.1.8.RELEASE/spring-boot-starter-actuator-2.1.8.RELEASE.jar:/Users/braziltest/.m2/repository/org/springframework/boot/spring-boot-actuator-autoconfigure/2.1.8.RELEASE/spring-boot-actuator-autoconfigure-2.1.8.RELEASE.jar:/Users/braziltest/.m2/repository/org/springframework/boot/spring-boot-actuator/2.1.8.RELEASE/spring-boot-actuator-2.1.8.RELEASE.jar:/Users/braziltest/.m2/repository/io/micrometer/micrometer-core/1.1.6/micrometer-core-1.1.6.jar:/Users/braziltest/.m2/repository/org/hdrhistogram/HdrHistogram/2.1.9/HdrHistogram-2.1.9.jar:/Users/braziltest/.m2/repository/org/latencyutils/LatencyUtils/2.0.3/LatencyUtils-2.0.3.jar:/Users/braziltest/.m2/repository/org/springframework/boot/spring-boot-starter-undertow/2.1.8.RELEASE/spring-boot-starter-undertow-2.1.8.RELEASE.jar:/Users/braziltest/.m2/repository/io/undertow/undertow-core/2.0.26.Final/undertow-core-2.0.26.Final.jar:/Users/braziltest/.m2/repository/org/jboss/xnio/xnio-api/3.3.8.Final/xnio-api-3.3.8.Final.jar:/Users/braziltest/.m2/repository/org/jboss/xnio/xnio-nio/3.3.8.Final/xnio-nio-3.3.8.Final.jar:/Users/braziltest/.m2/repository/io/undertow/undertow-servlet/2.0.26.Final/undertow-servlet-2.0.26.Final.jar:/Users/braziltest/.m2/repository/org/jboss/spec/javax/annotation/jboss-annotations-api_1.2_spec/1.0.2.Final/jboss-annotations-api_1.2_spec-1.0.2.Final.jar:/Users/braziltest/.m2/repository/io/undertow/undertow-websockets-jsr/2.0.26.Final/undertow-websockets-jsr-2.0.26.Final.jar:/Users/braziltest/.m2/repository/org/jboss/spec/javax/websocket/jboss-websocket-api_1.1_spec/1.1.4.Final/jboss-websocket-api_1.1_spec-1.1.4.Final.jar:/Users/braziltest/.m2/repository/javax/servlet/javax.servlet-api/4.0.1/javax.servlet-api-4.0.1.jar:/Users/braziltest/.m2/repository/org/glassfish/javax.el/3.0.0/javax.el-3.0.0.jar:/Users/braziltest/.m2/repository/org/springframework/cloud/spring-cloud-starter-openfeign/2.1.3.RELEASE/spring-cloud-starter-openfeign-2.1.3.RELEASE.jar:/Users/braziltest/.m2/repository/org/springframework/cloud/spring-cloud-starter/2.1.3.RELEASE/spring-cloud-starter-2.1.3.RELEASE.jar:/Users/braziltest/.m2/repository/org/springframework/cloud/spring-cloud-context/2.1.3.RELEASE/spring-cloud-context-2.1.3.RELEASE.jar:/Users/braziltest/.m2/repository/org/springframework/security/spring-security-rsa/1.0.7.RELEASE/spring-security-rsa-1.0.7.RELEASE.jar:/Users/braziltest/.m2/repository/org/bouncycastle/bcpkix-jdk15on/1.60/bcpkix-jdk15on-1.60.jar:/Users/braziltest/.m2/repository/org/bouncycastle/bcprov-jdk15on/1.60/bcprov-jdk15on-1.60.jar:/Users/braziltest/.m2/repository/org/springframework/cloud/spring-cloud-openfeign-core/2.1.3.RELEASE/spring-cloud-openfeign-core-2.1.3.RELEASE.jar:/Users/braziltest/.m2/repository/org/springframework/cloud/spring-cloud-netflix-ribbon/2.1.3.RELEASE/spring-cloud-netflix-ribbon-2.1.3.RELEASE.jar:/Users/braziltest/.m2/repository/org/springframework/cloud/spring-cloud-netflix-archaius/2.1.3.RELEASE/spring-cloud-netflix-archaius-2.1.3.RELEASE.jar:/Users/braziltest/.m2/repository/org/springframework/boot/spring-boot-starter-aop/2.1.8.RELEASE/spring-boot-starter-aop-2.1.8.RELEASE.jar:/Users/braziltest/.m2/repository/org/aspectj/aspectjweaver/1.9.4/aspectjweaver-1.9.4.jar:/Users/braziltest/.m2/repository/io/github/openfeign/form/feign-form-spring/3.8.0/feign-form-spring-3.8.0.jar:/Users/braziltest/.m2/repository/io/github/openfeign/form/feign-form/3.8.0/feign-form-3.8.0.jar:/Users/braziltest/.m2/repository/commons-fileupload/commons-fileupload/1.4/commons-fileupload-1.4.jar:/Users/braziltest/.m2/repository/org/springframework/cloud/spring-cloud-commons/2.1.3.RELEASE/spring-cloud-commons-2.1.3.RELEASE.jar:/Users/braziltest/.m2/repository/org/springframework/security/spring-security-crypto/5.1.6.RELEASE/spring-security-crypto-5.1.6.RELEASE.jar:/Users/braziltest/.m2/repository/io/github/openfeign/feign-core/10.2.3/feign-core-10.2.3.jar:/Users/braziltest/.m2/repository/io/github/openfeign/feign-slf4j/10.2.3/feign-slf4j-10.2.3.jar:/Users/braziltest/.m2/repository/io/github/openfeign/feign-hystrix/10.2.3/feign-hystrix-10.2.3.jar:/Users/braziltest/.m2/repository/com/netflix/archaius/archaius-core/0.7.6/archaius-core-0.7.6.jar:/Users/braziltest/.m2/repository/commons-configuration/commons-configuration/1.8/commons-configuration-1.8.jar:/Users/braziltest/.m2/repository/com/netflix/hystrix/hystrix-core/1.5.18/hystrix-core-1.5.18.jar:/Users/braziltest/.m2/repository/io/reactivex/rxjava/1.3.8/rxjava-1.3.8.jar:/Users/braziltest/.m2/repository/org/springframework/boot/spring-boot-starter-test/2.1.8.RELEASE/spring-boot-starter-test-2.1.8.RELEASE.jar:/Users/braziltest/.m2/repository/org/springframework/boot/spring-boot-test/2.1.8.RELEASE/spring-boot-test-2.1.8.RELEASE.jar:/Users/braziltest/.m2/repository/org/springframework/boot/spring-boot-test-autoconfigure/2.1.8.RELEASE/spring-boot-test-autoconfigure-2.1.8.RELEASE.jar:/Users/braziltest/.m2/repository/com/jayway/jsonpath/json-path/2.4.0/json-path-2.4.0.jar:/Users/braziltest/.m2/repository/net/minidev/json-smart/2.3/json-smart-2.3.jar:/Users/braziltest/.m2/repository/net/minidev/accessors-smart/1.2/accessors-smart-1.2.jar:/Users/braziltest/.m2/repository/org/assertj/assertj-core/3.11.1/assertj-core-3.11.1.jar:/Users/braziltest/.m2/repository/org/mockito/mockito-core/2.23.4/mockito-core-2.23.4.jar:/Users/braziltest/.m2/repository/net/bytebuddy/byte-buddy-agent/1.9.16/byte-buddy-agent-1.9.16.jar:/Users/braziltest/.m2/repository/org/hamcrest/hamcrest-core/1.3/hamcrest-core-1.3.jar:/Users/braziltest/.m2/repository/org/hamcrest/hamcrest-library/1.3/hamcrest-library-1.3.jar:/Users/braziltest/.m2/repository/org/skyscreamer/jsonassert/1.5.0/jsonassert-1.5.0.jar:/Users/braziltest/.m2/repository/com/vaadin/external/google/android-json/0.0.20131108.vaadin1/android-json-0.0.20131108.vaadin1.jar:/Users/braziltest/.m2/repository/org/springframework/spring-core/5.1.9.RELEASE/spring-core-5.1.9.RELEASE.jar:/Users/braziltest/.m2/repository/org/springframework/spring-jcl/5.1.9.RELEASE/spring-jcl-5.1.9.RELEASE.jar:/Users/braziltest/.m2/repository/org/springframework/spring-test/5.1.9.RELEASE/spring-test-5.1.9.RELEASE.jar:/Users/braziltest/.m2/repository/org/xmlunit/xmlunit-core/2.6.3/xmlunit-core-2.6.3.jar:/Users/braziltest/.m2/repository/org/springframework/boot/spring-boot-starter-data-jdbc/2.1.8.RELEASE/spring-boot-starter-data-jdbc-2.1.8.RELEASE.jar:/Users/braziltest/.m2/repository/org/springframework/boot/spring-boot-starter-jdbc/2.1.8.RELEASE/spring-boot-starter-jdbc-2.1.8.RELEASE.jar:/Users/braziltest/.m2/repository/com/zaxxer/HikariCP/3.2.0/HikariCP-3.2.0.jar:/Users/braziltest/.m2/repository/org/springframework/spring-jdbc/5.1.9.RELEASE/spring-jdbc-5.1.9.RELEASE.jar:/Users/braziltest/.m2/repository/org/springframework/data/spring-data-jdbc/1.0.10.RELEASE/spring-data-jdbc-1.0.10.RELEASE.jar:/Users/braziltest/.m2/repository/org/springframework/data/spring-data-commons/2.1.10.RELEASE/spring-data-commons-2.1.10.RELEASE.jar:/Users/braziltest/.m2/repository/org/springframework/spring-tx/5.1.9.RELEASE/spring-tx-5.1.9.RELEASE.jar:/Users/braziltest/.m2/repository/org/seleniumhq/selenium/selenium-java/3.141.59/selenium-java-3.141.59.jar:/Users/braziltest/.m2/repository/org/seleniumhq/selenium/selenium-api/3.14.0/selenium-api-3.14.0.jar:/Users/braziltest/.m2/repository/org/seleniumhq/selenium/selenium-ie-driver/3.14.0/selenium-ie-driver-3.14.0.jar:/Users/braziltest/.m2/repository/org/seleniumhq/selenium/selenium-opera-driver/3.14.0/selenium-opera-driver-3.14.0.jar:/Users/braziltest/.m2/repository/org/seleniumhq/selenium/selenium-remote-driver/3.14.0/selenium-remote-driver-3.14.0.jar:/Users/braziltest/.m2/repository/org/seleniumhq/selenium/selenium-safari-driver/3.14.0/selenium-safari-driver-3.14.0.jar:/Users/braziltest/.m2/repository/org/seleniumhq/selenium/selenium-support/3.14.0/selenium-support-3.14.0.jar:/Users/braziltest/.m2/repository/net/bytebuddy/byte-buddy/1.9.16/byte-buddy-1.9.16.jar:/Users/braziltest/.m2/repository/org/apache/commons/commons-exec/1.3/commons-exec-1.3.jar:/Users/braziltest/.m2/repository/com/squareup/okhttp3/okhttp/3.11.0/okhttp-3.11.0.jar:/Users/braziltest/.m2/repository/com/squareup/okio/okio/1.14.0/okio-1.14.0.jar:/Users/braziltest/.m2/repository/org/seleniumhq/selenium/htmlunit-driver/2.27/htmlunit-driver-2.27.jar:/Users/braziltest/.m2/repository/net/sourceforge/htmlunit/htmlunit/2.33/htmlunit-2.33.jar:/Users/braziltest/.m2/repository/xalan/xalan/2.7.2/xalan-2.7.2.jar:/Users/braziltest/.m2/repository/xalan/serializer/2.7.2/serializer-2.7.2.jar:/Users/braziltest/.m2/repository/org/apache/commons/commons-text/1.4/commons-text-1.4.jar:/Users/braziltest/.m2/repository/net/sourceforge/htmlunit/htmlunit-core-js/2.33/htmlunit-core-js-2.33.jar:/Users/braziltest/.m2/repository/net/sourceforge/htmlunit/neko-htmlunit/2.33/neko-htmlunit-2.33.jar:/Users/braziltest/.m2/repository/xerces/xercesImpl/2.12.0/xercesImpl-2.12.0.jar:/Users/braziltest/.m2/repository/xml-apis/xml-apis/1.4.01/xml-apis-1.4.01.jar:/Users/braziltest/.m2/repository/net/sourceforge/htmlunit/htmlunit-cssparser/1.2.0/htmlunit-cssparser-1.2.0.jar:/Users/braziltest/.m2/repository/commons-io/commons-io/2.6/commons-io-2.6.jar:/Users/braziltest/.m2/repository/commons-net/commons-net/3.6/commons-net-3.6.jar:/Users/braziltest/.m2/repository/org/eclipse/jetty/websocket/websocket-client/9.4.19.v20190610/websocket-client-9.4.19.v20190610.jar:/Users/braziltest/.m2/repository/org/eclipse/jetty/jetty-client/9.4.19.v20190610/jetty-client-9.4.19.v20190610.jar:/Users/braziltest/.m2/repository/org/eclipse/jetty/jetty-http/9.4.19.v20190610/jetty-http-9.4.19.v20190610.jar:/Users/braziltest/.m2/repository/org/eclipse/jetty/jetty-xml/9.4.19.v20190610/jetty-xml-9.4.19.v20190610.jar:/Users/braziltest/.m2/repository/org/eclipse/jetty/jetty-util/9.4.19.v20190610/jetty-util-9.4.19.v20190610.jar:/Users/braziltest/.m2/repository/org/eclipse/jetty/jetty-io/9.4.19.v20190610/jetty-io-9.4.19.v20190610.jar:/Users/braziltest/.m2/repository/org/eclipse/jetty/websocket/websocket-common/9.4.19.v20190610/websocket-common-9.4.19.v20190610.jar:/Users/braziltest/.m2/repository/org/eclipse/jetty/websocket/websocket-api/9.4.19.v20190610/websocket-api-9.4.19.v20190610.jar:/Users/braziltest/.m2/repository/org/seleniumhq/selenium/selenium-firefox-driver/3.4.0/selenium-firefox-driver-3.4.0.jar:/Users/braziltest/.m2/repository/cglib/cglib-nodep/3.2.4/cglib-nodep-3.2.4.jar:/Users/braziltest/.m2/repository/commons-codec/commons-codec/1.11/commons-codec-1.11.jar:/Users/braziltest/.m2/repository/commons-logging/commons-logging/1.2/commons-logging-1.2.jar:/Users/braziltest/.m2/repository/com/google/code/gson/gson/2.8.5/gson-2.8.5.jar:/Users/braziltest/.m2/repository/org/apache/httpcomponents/httpclient/4.5.9/httpclient-4.5.9.jar:/Users/braziltest/.m2/repository/org/apache/httpcomponents/httpcore/4.4.12/httpcore-4.4.12.jar:/Users/braziltest/.m2/repository/net/java/dev/jna/jna/4.5.2/jna-4.5.2.jar:/Users/braziltest/.m2/repository/net/java/dev/jna/jna-platform/4.5.2/jna-platform-4.5.2.jar:/Users/braziltest/.m2/repository/org/seleniumhq/selenium/selenium-chrome-driver/3.4.0/selenium-chrome-driver-3.4.0.jar:/Users/braziltest/.m2/repository/info/cukes/cucumber-java/1.2.5/cucumber-java-1.2.5.jar:/Users/braziltest/.m2/repository/info/cukes/cucumber-core/1.2.5/cucumber-core-1.2.5.jar:/Users/braziltest/.m2/repository/info/cukes/cucumber-html/0.2.3/cucumber-html-0.2.3.jar:/Users/braziltest/.m2/repository/info/cukes/cucumber-jvm-deps/1.0.5/cucumber-jvm-deps-1.0.5.jar:/Users/braziltest/.m2/repository/info/cukes/gherkin/2.12.2/gherkin-2.12.2.jar:/Users/braziltest/.m2/repository/info/cukes/cucumber-junit/1.2.5/cucumber-junit-1.2.5.jar:/Users/braziltest/.m2/repository/junit/junit/4.12/junit-4.12.jar:/Users/braziltest/.m2/repository/com/vimalselvam/cucumber-extentsreport/3.1.1/cucumber-extentsreport-3.1.1.jar:/Users/braziltest/.m2/repository/com/jayway/restassured/rest-assured/2.4.1/rest-assured-2.4.1.jar:/Users/braziltest/.m2/repository/org/codehaus/groovy/groovy/2.5.8/groovy-2.5.8.jar:/Users/braziltest/.m2/repository/org/codehaus/groovy/groovy-xml/2.5.8/groovy-xml-2.5.8.jar:/Users/braziltest/.m2/repository/org/apache/httpcomponents/httpmime/4.5.9/httpmime-4.5.9.jar:/Users/braziltest/.m2/repository/org/ccil/cowan/tagsoup/tagsoup/1.2.1/tagsoup-1.2.1.jar:/Users/braziltest/.m2/repository/com/jayway/restassured/xml-path/2.4.1/xml-path-2.4.1.jar:/Users/braziltest/.m2/repository/com/jayway/restassured/json-path/2.4.1/json-path-2.4.1.jar:/Users/braziltest/.m2/repository/org/codehaus/groovy/groovy-json/2.5.8/groovy-json-2.5.8.jar:/Users/braziltest/.m2/repository/com/jayway/restassured/rest-assured-common/2.4.1/rest-assured-common-2.4.1.jar:/Users/braziltest/.m2/repository/com/jayway/restassured/json-schema-validator/2.4.1/json-schema-validator-2.4.1.jar:/Users/braziltest/.m2/repository/com/github/fge/json-schema-validator/2.2.5/json-schema-validator-2.2.5.jar:/Users/braziltest/.m2/repository/com/github/fge/json-schema-core/1.2.4/json-schema-core-1.2.4.jar:/Users/braziltest/.m2/repository/com/github/fge/uri-template/0.9/uri-template-0.9.jar:/Users/braziltest/.m2/repository/com/github/fge/msg-simple/1.1/msg-simple-1.1.jar:/Users/braziltest/.m2/repository/com/github/fge/btf/1.2/btf-1.2.jar:/Users/braziltest/.m2/repository/com/github/fge/jackson-coreutils/1.8/jackson-coreutils-1.8.jar:/Users/braziltest/.m2/repository/org/mozilla/rhino/1.7R4/rhino-1.7R4.jar:/Users/braziltest/.m2/repository/joda-time/joda-time/2.10.3/joda-time-2.10.3.jar:/Users/braziltest/.m2/repository/com/googlecode/libphonenumber/libphonenumber/6.0/libphonenumber-6.0.jar:/Users/braziltest/.m2/repository/javax/mail/mailapi/1.4.3/mailapi-1.4.3.jar:/Users/braziltest/.m2/repository/net/sf/jopt-simple/jopt-simple/4.6/jopt-simple-4.6.jar:/Users/braziltest/.m2/repository/com/jayway/awaitility/awaitility/1.7.0/awaitility-1.7.0.jar:/Users/braziltest/.m2/repository/org/objenesis/objenesis/2.1/objenesis-2.1.jar:/Users/braziltest/.m2/repository/org/apache/poi/poi-ooxml/3.13/poi-ooxml-3.13.jar:/Users/braziltest/.m2/repository/org/apache/poi/poi/3.13/poi-3.13.jar:/Users/braziltest/.m2/repository/org/apache/poi/poi-ooxml-schemas/3.13/poi-ooxml-schemas-3.13.jar:/Users/braziltest/.m2/repository/org/apache/xmlbeans/xmlbeans/2.6.0/xmlbeans-2.6.0.jar:/Users/braziltest/.m2/repository/stax/stax-api/1.0.1/stax-api-1.0.1.jar:/Users/braziltest/.m2/repository/org/slf4j/slf4j-api/1.7.25/slf4j-api-1.7.25.jar:/Users/braziltest/.m2/repository/com/machinepublishers/jbrowserdriver/0.17.8/jbrowserdriver-0.17.8.jar:/Users/braziltest/.m2/repository/org/apache/httpcomponents/httpclient-cache/4.5.9/httpclient-cache-4.5.9.jar:/Users/braziltest/.m2/repository/org/seleniumhq/selenium/selenium-server/2.53.0/selenium-server-2.53.0.jar:/Users/braziltest/.m2/repository/org/zeroturnaround/zt-process/1.3/zt-process-1.3.jar:/Users/braziltest/.m2/repository/org/zeroturnaround/zt-exec/1.7/zt-exec-1.7.jar:/Users/braziltest/.m2/repository/com/sun/jna/jna/3.0.9/jna-3.0.9.jar:/Users/braziltest/.m2/repository/commons-lang/commons-lang/2.6/commons-lang-2.6.jar:/Users/braziltest/.m2/repository/io/github/lukehutch/fast-classpath-scanner/2.0.16/fast-classpath-scanner-2.0.16.jar:/Users/braziltest/.m2/repository/org/json/json/20171018/json-20171018.jar:/Users/braziltest/.m2/repository/com/aventstack/extentreports-cucumber4-adapter/1.0.6/extentreports-cucumber4-adapter-1.0.6.jar:/Users/braziltest/.m2/repository/com/aventstack/extentreports/4.0.6/extentreports-4.0.6.jar:/Users/braziltest/.m2/repository/org/freemarker/freemarker/2.3.29/freemarker-2.3.29.jar:/Users/braziltest/.m2/repository/org/mongodb/bson/3.8.2/bson-3.8.2.jar:/Users/braziltest/.m2/repository/io/cucumber/cucumber-core/4.0.1/cucumber-core-4.0.1.jar:/Users/braziltest/.m2/repository/io/cucumber/cucumber-html/0.2.7/cucumber-html-0.2.7.jar:/Users/braziltest/.m2/repository/io/cucumber/gherkin/5.1.0/gherkin-5.1.0.jar:/Users/braziltest/.m2/repository/io/cucumber/tag-expressions/1.1.1/tag-expressions-1.1.1.jar:/Users/braziltest/.m2/repository/io/cucumber/cucumber-expressions/6.1.0/cucumber-expressions-6.1.0.jar:/Users/braziltest/.m2/repository/io/cucumber/datatable/1.1.3/datatable-1.1.3.jar:/Users/braziltest/.m2/repository/io/cucumber/datatable-dependencies/1.1.3/datatable-dependencies-1.1.3.jar:/Users/braziltest/.m2/repository/io/cucumber/cucumber-java/4.0.1/cucumber-java-4.0.1.jar:/Users/braziltest/.m2/repository/org/mongodb/mongodb-driver/3.8.2/mongodb-driver-3.8.2.jar:/Users/braziltest/.m2/repository/org/mongodb/mongodb-driver-core/3.8.2/mongodb-driver-core-3.8.2.jar:/Users/braziltest/.m2/repository/io/appium/java-client/3.4.0/java-client-3.4.0.jar:/Users/braziltest/.m2/repository/cglib/cglib/3.1/cglib-3.1.jar:/Users/braziltest/.m2/repository/org/ow2/asm/asm/4.2/asm-4.2.jar:/Users/braziltest/.m2/repository/commons-validator/commons-validator/1.4.1/commons-validator-1.4.1.jar:/Users/braziltest/.m2/repository/commons-beanutils/commons-beanutils/1.8.3/commons-beanutils-1.8.3.jar:/Users/braziltest/.m2/repository/commons-digester/commons-digester/1.8.1/commons-digester-1.8.1.jar:/Users/braziltest/.m2/repository/commons-collections/commons-collections/3.2.1/commons-collections-3.2.1.jar:/Users/braziltest/.m2/repository/javax/xml/bind/jaxb-api/2.2.11/jaxb-api-2.2.11.jar:/Users/braziltest/.m2/repository/com/sun/xml/bind/jaxb-core/2.2.11/jaxb-core-2.2.11.jar:/Users/braziltest/.m2/repository/com/sun/xml/bind/jaxb-impl/2.2.11/jaxb-impl-2.2.11.jar:/Users/braziltest/.m2/repository/javax/activation/activation/1.1.1/activation-1.1.1.jar:/Users/braziltest/.m2/repository/org/xerial/sqlite-jdbc/3.32.3.1/sqlite-jdbc-3.32.3.1.jar:/Users/braziltest/.m2/repository/org/projectlombok/lombok/1.18.6/lombok-1.18.6.jar:/Users/braziltest/.m2/repository/org/apache/sshd/sshd-core/2.5.1/sshd-core-2.5.1.jar:/Users/braziltest/.m2/repository/org/apache/sshd/sshd-common/2.5.1/sshd-common-2.5.1.jar:/Users/braziltest/.m2/repository/com/microsoft/sqlserver/mssql-jdbc/12.2.0.jre11/mssql-jdbc-12.2.0.jre11.jar:/Users/braziltest/.m2/repository/com/google/guava/guava/29.0-jre/guava-29.0-jre.jar:/Users/braziltest/.m2/repository/com/google/guava/failureaccess/1.0.1/failureaccess-1.0.1.jar:/Users/braziltest/.m2/repository/com/google/guava/listenablefuture/9999.0-empty-to-avoid-conflict-with-guava/listenablefuture-9999.0-empty-to-avoid-conflict-with-guava.jar:/Users/braziltest/.m2/repository/com/google/code/findbugs/jsr305/3.0.2/jsr305-3.0.2.jar:/Users/braziltest/.m2/repository/org/checkerframework/checker-qual/2.11.1/checker-qual-2.11.1.jar:/Users/braziltest/.m2/repository/com/google/errorprone/error_prone_annotations/2.3.4/error_prone_annotations-2.3.4.jar:/Users/braziltest/.m2/repository/com/google/j2objc/j2objc-annotations/1.3/j2objc-annotations-1.3.jar:/Users/braziltest/.m2/repository/com/github/2gis/winium/winium-webdriver/0.1.0-1/winium-webdriver-0.1.0-1.jar:/Users/braziltest/.m2/repository/org/seleniumhq/selenium/selenium-edge-driver/3.141.59/selenium-edge-driver-3.141.59.jar:/Users/braziltest/.m2/repository/com/github/javafaker/javafaker/1.0.2/javafaker-1.0.2.jar:/Users/braziltest/.m2/repository/org/apache/commons/commons-lang3/3.8.1/commons-lang3-3.8.1.jar:/Users/braziltest/.m2/repository/org/yaml/snakeyaml/1.23/snakeyaml-1.23-android.jar:/Users/braziltest/.m2/repository/com/github/mifmif/generex/1.0.2/generex-1.0.2.jar:/Users/braziltest/.m2/repository/dk/brics/automaton/automaton/1.11-8/automaton-1.11-8.jar:"/>
    <property name="java.vm.vendor" value="Homebrew"/>
    <property name="sun.arch.data.model" value="64"/>
    <property name="java.vendor.url" value="https://github.com/Homebrew/homebrew-core/issues"/>
    <property name="user.timezone" value=""/>
    <property name="java.vm.specification.version" value="11"/>
    <property name="os.name" value="Mac OS X"/>
    <property name="sun.java.launcher" value="SUN_STANDARD"/>
    <property name="user.country" value="BR"/>
    <property name="sun.boot.library.path" value="/usr/local/Cellar/openjdk@11/11.0.19/libexec/openjdk.jdk/Contents/Home/lib"/>
    <property name="sun.java.command" value="/Users/braziltest/sources/repos/qa-challenge/target/surefire/surefirebooter11846158257713656550.jar /Users/braziltest/sources/repos/qa-challenge/target/surefire 2023-08-24T22-17-23_218-jvmRun1 surefire15549243880949344620tmp surefire_04333252084939795124tmp"/>
    <property name="http.nonProxyHosts" value="local|*.local|169.254/16|*.169.254/16"/>
    <property name="jdk.debug" value="release"/>
    <property name="surefire.test.class.path" value="/Users/braziltest/sources/repos/qa-challenge/target/test-classes:/Users/braziltest/sources/repos/qa-challenge/target/classes:/Users/braziltest/.m2/repository/org/springframework/boot/spring-boot-starter-web/2.1.8.RELEASE/spring-boot-starter-web-2.1.8.RELEASE.jar:/Users/braziltest/.m2/repository/org/springframework/boot/spring-boot-starter/2.1.8.RELEASE/spring-boot-starter-2.1.8.RELEASE.jar:/Users/braziltest/.m2/repository/org/springframework/boot/spring-boot/2.1.8.RELEASE/spring-boot-2.1.8.RELEASE.jar:/Users/braziltest/.m2/repository/org/springframework/boot/spring-boot-autoconfigure/2.1.8.RELEASE/spring-boot-autoconfigure-2.1.8.RELEASE.jar:/Users/braziltest/.m2/repository/org/springframework/boot/spring-boot-starter-logging/2.1.8.RELEASE/spring-boot-starter-logging-2.1.8.RELEASE.jar:/Users/braziltest/.m2/repository/ch/qos/logback/logback-classic/1.2.3/logback-classic-1.2.3.jar:/Users/braziltest/.m2/repository/ch/qos/logback/logback-core/1.2.3/logback-core-1.2.3.jar:/Users/braziltest/.m2/repository/org/apache/logging/log4j/log4j-to-slf4j/2.11.2/log4j-to-slf4j-2.11.2.jar:/Users/braziltest/.m2/repository/org/apache/logging/log4j/log4j-api/2.11.2/log4j-api-2.11.2.jar:/Users/braziltest/.m2/repository/org/slf4j/jul-to-slf4j/1.7.28/jul-to-slf4j-1.7.28.jar:/Users/braziltest/.m2/repository/org/yaml/snakeyaml/1.23/snakeyaml-1.23.jar:/Users/braziltest/.m2/repository/org/springframework/boot/spring-boot-starter-json/2.1.8.RELEASE/spring-boot-starter-json-2.1.8.RELEASE.jar:/Users/braziltest/.m2/repository/com/fasterxml/jackson/core/jackson-databind/2.9.9.3/jackson-databind-2.9.9.3.jar:/Users/braziltest/.m2/repository/com/fasterxml/jackson/core/jackson-annotations/2.9.0/jackson-annotations-2.9.0.jar:/Users/braziltest/.m2/repository/com/fasterxml/jackson/core/jackson-core/2.9.9/jackson-core-2.9.9.jar:/Users/braziltest/.m2/repository/com/fasterxml/jackson/datatype/jackson-datatype-jdk8/2.9.9/jackson-datatype-jdk8-2.9.9.jar:/Users/braziltest/.m2/repository/com/fasterxml/jackson/datatype/jackson-datatype-jsr310/2.9.9/jackson-datatype-jsr310-2.9.9.jar:/Users/braziltest/.m2/repository/com/fasterxml/jackson/module/jackson-module-parameter-names/2.9.9/jackson-module-parameter-names-2.9.9.jar:/Users/braziltest/.m2/repository/org/hibernate/validator/hibernate-validator/6.0.17.Final/hibernate-validator-6.0.17.Final.jar:/Users/braziltest/.m2/repository/javax/validation/validation-api/2.0.1.Final/validation-api-2.0.1.Final.jar:/Users/braziltest/.m2/repository/org/jboss/logging/jboss-logging/3.3.3.Final/jboss-logging-3.3.3.Final.jar:/Users/braziltest/.m2/repository/com/fasterxml/classmate/1.4.0/classmate-1.4.0.jar:/Users/braziltest/.m2/repository/org/springframework/spring-web/5.1.9.RELEASE/spring-web-5.1.9.RELEASE.jar:/Users/braziltest/.m2/repository/org/springframework/spring-beans/5.1.9.RELEASE/spring-beans-5.1.9.RELEASE.jar:/Users/braziltest/.m2/repository/org/springframework/spring-webmvc/5.1.9.RELEASE/spring-webmvc-5.1.9.RELEASE.jar:/Users/braziltest/.m2/repository/org/springframework/spring-aop/5.1.9.RELEASE/spring-aop-5.1.9.RELEASE.jar:/Users/braziltest/.m2/repository/org/springframework/spring-context/5.1.9.RELEASE/spring-context-5.1.9.RELEASE.jar:/Users/braziltest/.m2/repository/org/springframework/spring-expression/5.1.9.RELEASE/spring-expression-5.1.9.RELEASE.jar:/Users/braziltest/.m2/repository/org/springframework/boot/spring-boot-starter-tomcat/2.1.8.RELEASE/spring-boot-starter-tomcat-2.1.8.RELEASE.jar:/Users/braziltest/.m2/repository/javax/annotation/javax.annotation-api/1.3.2/javax.annotation-api-1.3.2.jar:/Users/braziltest/.m2/repository/org/apache/tomcat/embed/tomcat-embed-core/9.0.24/tomcat-embed-core-9.0.24.jar:/Users/braziltest/.m2/repository/org/apache/tomcat/embed/tomcat-embed-el/9.0.24/tomcat-embed-el-9.0.24.jar:/Users/braziltest/.m2/repository/org/apache/tomcat/embed/tomcat-embed-websocket/9.0.24/tomcat-embed-websocket-9.0.24.jar:/Users/braziltest/.m2/repository/org/springframework/boot/spring-boot-starter-actuator/2.1.8.RELEASE/spring-boot-starter-actuator-2.1.8.RELEASE.jar:/Users/braziltest/.m2/repository/org/springframework/boot/spring-boot-actuator-autoconfigure/2.1.8.RELEASE/spring-boot-actuator-autoconfigure-2.1.8.RELEASE.jar:/Users/braziltest/.m2/repository/org/springframework/boot/spring-boot-actuator/2.1.8.RELEASE/spring-boot-actuator-2.1.8.RELEASE.jar:/Users/braziltest/.m2/repository/io/micrometer/micrometer-core/1.1.6/micrometer-core-1.1.6.jar:/Users/braziltest/.m2/repository/org/hdrhistogram/HdrHistogram/2.1.9/HdrHistogram-2.1.9.jar:/Users/braziltest/.m2/repository/org/latencyutils/LatencyUtils/2.0.3/LatencyUtils-2.0.3.jar:/Users/braziltest/.m2/repository/org/springframework/boot/spring-boot-starter-undertow/2.1.8.RELEASE/spring-boot-starter-undertow-2.1.8.RELEASE.jar:/Users/braziltest/.m2/repository/io/undertow/undertow-core/2.0.26.Final/undertow-core-2.0.26.Final.jar:/Users/braziltest/.m2/repository/org/jboss/xnio/xnio-api/3.3.8.Final/xnio-api-3.3.8.Final.jar:/Users/braziltest/.m2/repository/org/jboss/xnio/xnio-nio/3.3.8.Final/xnio-nio-3.3.8.Final.jar:/Users/braziltest/.m2/repository/io/undertow/undertow-servlet/2.0.26.Final/undertow-servlet-2.0.26.Final.jar:/Users/braziltest/.m2/repository/org/jboss/spec/javax/annotation/jboss-annotations-api_1.2_spec/1.0.2.Final/jboss-annotations-api_1.2_spec-1.0.2.Final.jar:/Users/braziltest/.m2/repository/io/undertow/undertow-websockets-jsr/2.0.26.Final/undertow-websockets-jsr-2.0.26.Final.jar:/Users/braziltest/.m2/repository/org/jboss/spec/javax/websocket/jboss-websocket-api_1.1_spec/1.1.4.Final/jboss-websocket-api_1.1_spec-1.1.4.Final.jar:/Users/braziltest/.m2/repository/javax/servlet/javax.servlet-api/4.0.1/javax.servlet-api-4.0.1.jar:/Users/braziltest/.m2/repository/org/glassfish/javax.el/3.0.0/javax.el-3.0.0.jar:/Users/braziltest/.m2/repository/org/springframework/cloud/spring-cloud-starter-openfeign/2.1.3.RELEASE/spring-cloud-starter-openfeign-2.1.3.RELEASE.jar:/Users/braziltest/.m2/repository/org/springframework/cloud/spring-cloud-starter/2.1.3.RELEASE/spring-cloud-starter-2.1.3.RELEASE.jar:/Users/braziltest/.m2/repository/org/springframework/cloud/spring-cloud-context/2.1.3.RELEASE/spring-cloud-context-2.1.3.RELEASE.jar:/Users/braziltest/.m2/repository/org/springframework/security/spring-security-rsa/1.0.7.RELEASE/spring-security-rsa-1.0.7.RELEASE.jar:/Users/braziltest/.m2/repository/org/bouncycastle/bcpkix-jdk15on/1.60/bcpkix-jdk15on-1.60.jar:/Users/braziltest/.m2/repository/org/bouncycastle/bcprov-jdk15on/1.60/bcprov-jdk15on-1.60.jar:/Users/braziltest/.m2/repository/org/springframework/cloud/spring-cloud-openfeign-core/2.1.3.RELEASE/spring-cloud-openfeign-core-2.1.3.RELEASE.jar:/Users/braziltest/.m2/repository/org/springframework/cloud/spring-cloud-netflix-ribbon/2.1.3.RELEASE/spring-cloud-netflix-ribbon-2.1.3.RELEASE.jar:/Users/braziltest/.m2/repository/org/springframework/cloud/spring-cloud-netflix-archaius/2.1.3.RELEASE/spring-cloud-netflix-archaius-2.1.3.RELEASE.jar:/Users/braziltest/.m2/repository/org/springframework/boot/spring-boot-starter-aop/2.1.8.RELEASE/spring-boot-starter-aop-2.1.8.RELEASE.jar:/Users/braziltest/.m2/repository/org/aspectj/aspectjweaver/1.9.4/aspectjweaver-1.9.4.jar:/Users/braziltest/.m2/repository/io/github/openfeign/form/feign-form-spring/3.8.0/feign-form-spring-3.8.0.jar:/Users/braziltest/.m2/repository/io/github/openfeign/form/feign-form/3.8.0/feign-form-3.8.0.jar:/Users/braziltest/.m2/repository/commons-fileupload/commons-fileupload/1.4/commons-fileupload-1.4.jar:/Users/braziltest/.m2/repository/org/springframework/cloud/spring-cloud-commons/2.1.3.RELEASE/spring-cloud-commons-2.1.3.RELEASE.jar:/Users/braziltest/.m2/repository/org/springframework/security/spring-security-crypto/5.1.6.RELEASE/spring-security-crypto-5.1.6.RELEASE.jar:/Users/braziltest/.m2/repository/io/github/openfeign/feign-core/10.2.3/feign-core-10.2.3.jar:/Users/braziltest/.m2/repository/io/github/openfeign/feign-slf4j/10.2.3/feign-slf4j-10.2.3.jar:/Users/braziltest/.m2/repository/io/github/openfeign/feign-hystrix/10.2.3/feign-hystrix-10.2.3.jar:/Users/braziltest/.m2/repository/com/netflix/archaius/archaius-core/0.7.6/archaius-core-0.7.6.jar:/Users/braziltest/.m2/repository/commons-configuration/commons-configuration/1.8/commons-configuration-1.8.jar:/Users/braziltest/.m2/repository/com/netflix/hystrix/hystrix-core/1.5.18/hystrix-core-1.5.18.jar:/Users/braziltest/.m2/repository/io/reactivex/rxjava/1.3.8/rxjava-1.3.8.jar:/Users/braziltest/.m2/repository/org/springframework/boot/spring-boot-starter-test/2.1.8.RELEASE/spring-boot-starter-test-2.1.8.RELEASE.jar:/Users/braziltest/.m2/repository/org/springframework/boot/spring-boot-test/2.1.8.RELEASE/spring-boot-test-2.1.8.RELEASE.jar:/Users/braziltest/.m2/repository/org/springframework/boot/spring-boot-test-autoconfigure/2.1.8.RELEASE/spring-boot-test-autoconfigure-2.1.8.RELEASE.jar:/Users/braziltest/.m2/repository/com/jayway/jsonpath/json-path/2.4.0/json-path-2.4.0.jar:/Users/braziltest/.m2/repository/net/minidev/json-smart/2.3/json-smart-2.3.jar:/Users/braziltest/.m2/repository/net/minidev/accessors-smart/1.2/accessors-smart-1.2.jar:/Users/braziltest/.m2/repository/org/assertj/assertj-core/3.11.1/assertj-core-3.11.1.jar:/Users/braziltest/.m2/repository/org/mockito/mockito-core/2.23.4/mockito-core-2.23.4.jar:/Users/braziltest/.m2/repository/net/bytebuddy/byte-buddy-agent/1.9.16/byte-buddy-agent-1.9.16.jar:/Users/braziltest/.m2/repository/org/hamcrest/hamcrest-core/1.3/hamcrest-core-1.3.jar:/Users/braziltest/.m2/repository/org/hamcrest/hamcrest-library/1.3/hamcrest-library-1.3.jar:/Users/braziltest/.m2/repository/org/skyscreamer/jsonassert/1.5.0/jsonassert-1.5.0.jar:/Users/braziltest/.m2/repository/com/vaadin/external/google/android-json/0.0.20131108.vaadin1/android-json-0.0.20131108.vaadin1.jar:/Users/braziltest/.m2/repository/org/springframework/spring-core/5.1.9.RELEASE/spring-core-5.1.9.RELEASE.jar:/Users/braziltest/.m2/repository/org/springframework/spring-jcl/5.1.9.RELEASE/spring-jcl-5.1.9.RELEASE.jar:/Users/braziltest/.m2/repository/org/springframework/spring-test/5.1.9.RELEASE/spring-test-5.1.9.RELEASE.jar:/Users/braziltest/.m2/repository/org/xmlunit/xmlunit-core/2.6.3/xmlunit-core-2.6.3.jar:/Users/braziltest/.m2/repository/org/springframework/boot/spring-boot-starter-data-jdbc/2.1.8.RELEASE/spring-boot-starter-data-jdbc-2.1.8.RELEASE.jar:/Users/braziltest/.m2/repository/org/springframework/boot/spring-boot-starter-jdbc/2.1.8.RELEASE/spring-boot-starter-jdbc-2.1.8.RELEASE.jar:/Users/braziltest/.m2/repository/com/zaxxer/HikariCP/3.2.0/HikariCP-3.2.0.jar:/Users/braziltest/.m2/repository/org/springframework/spring-jdbc/5.1.9.RELEASE/spring-jdbc-5.1.9.RELEASE.jar:/Users/braziltest/.m2/repository/org/springframework/data/spring-data-jdbc/1.0.10.RELEASE/spring-data-jdbc-1.0.10.RELEASE.jar:/Users/braziltest/.m2/repository/org/springframework/data/spring-data-commons/2.1.10.RELEASE/spring-data-commons-2.1.10.RELEASE.jar:/Users/braziltest/.m2/repository/org/springframework/spring-tx/5.1.9.RELEASE/spring-tx-5.1.9.RELEASE.jar:/Users/braziltest/.m2/repository/org/seleniumhq/selenium/selenium-java/3.141.59/selenium-java-3.141.59.jar:/Users/braziltest/.m2/repository/org/seleniumhq/selenium/selenium-api/3.14.0/selenium-api-3.14.0.jar:/Users/braziltest/.m2/repository/org/seleniumhq/selenium/selenium-ie-driver/3.14.0/selenium-ie-driver-3.14.0.jar:/Users/braziltest/.m2/repository/org/seleniumhq/selenium/selenium-opera-driver/3.14.0/selenium-opera-driver-3.14.0.jar:/Users/braziltest/.m2/repository/org/seleniumhq/selenium/selenium-remote-driver/3.14.0/selenium-remote-driver-3.14.0.jar:/Users/braziltest/.m2/repository/org/seleniumhq/selenium/selenium-safari-driver/3.14.0/selenium-safari-driver-3.14.0.jar:/Users/braziltest/.m2/repository/org/seleniumhq/selenium/selenium-support/3.14.0/selenium-support-3.14.0.jar:/Users/braziltest/.m2/repository/net/bytebuddy/byte-buddy/1.9.16/byte-buddy-1.9.16.jar:/Users/braziltest/.m2/repository/org/apache/commons/commons-exec/1.3/commons-exec-1.3.jar:/Users/braziltest/.m2/repository/com/squareup/okhttp3/okhttp/3.11.0/okhttp-3.11.0.jar:/Users/braziltest/.m2/repository/com/squareup/okio/okio/1.14.0/okio-1.14.0.jar:/Users/braziltest/.m2/repository/org/seleniumhq/selenium/htmlunit-driver/2.27/htmlunit-driver-2.27.jar:/Users/braziltest/.m2/repository/net/sourceforge/htmlunit/htmlunit/2.33/htmlunit-2.33.jar:/Users/braziltest/.m2/repository/xalan/xalan/2.7.2/xalan-2.7.2.jar:/Users/braziltest/.m2/repository/xalan/serializer/2.7.2/serializer-2.7.2.jar:/Users/braziltest/.m2/repository/org/apache/commons/commons-text/1.4/commons-text-1.4.jar:/Users/braziltest/.m2/repository/net/sourceforge/htmlunit/htmlunit-core-js/2.33/htmlunit-core-js-2.33.jar:/Users/braziltest/.m2/repository/net/sourceforge/htmlunit/neko-htmlunit/2.33/neko-htmlunit-2.33.jar:/Users/braziltest/.m2/repository/xerces/xercesImpl/2.12.0/xercesImpl-2.12.0.jar:/Users/braziltest/.m2/repository/xml-apis/xml-apis/1.4.01/xml-apis-1.4.01.jar:/Users/braziltest/.m2/repository/net/sourceforge/htmlunit/htmlunit-cssparser/1.2.0/htmlunit-cssparser-1.2.0.jar:/Users/braziltest/.m2/repository/commons-io/commons-io/2.6/commons-io-2.6.jar:/Users/braziltest/.m2/repository/commons-net/commons-net/3.6/commons-net-3.6.jar:/Users/braziltest/.m2/repository/org/eclipse/jetty/websocket/websocket-client/9.4.19.v20190610/websocket-client-9.4.19.v20190610.jar:/Users/braziltest/.m2/repository/org/eclipse/jetty/jetty-client/9.4.19.v20190610/jetty-client-9.4.19.v20190610.jar:/Users/braziltest/.m2/repository/org/eclipse/jetty/jetty-http/9.4.19.v20190610/jetty-http-9.4.19.v20190610.jar:/Users/braziltest/.m2/repository/org/eclipse/jetty/jetty-xml/9.4.19.v20190610/jetty-xml-9.4.19.v20190610.jar:/Users/braziltest/.m2/repository/org/eclipse/jetty/jetty-util/9.4.19.v20190610/jetty-util-9.4.19.v20190610.jar:/Users/braziltest/.m2/repository/org/eclipse/jetty/jetty-io/9.4.19.v20190610/jetty-io-9.4.19.v20190610.jar:/Users/braziltest/.m2/repository/org/eclipse/jetty/websocket/websocket-common/9.4.19.v20190610/websocket-common-9.4.19.v20190610.jar:/Users/braziltest/.m2/repository/org/eclipse/jetty/websocket/websocket-api/9.4.19.v20190610/websocket-api-9.4.19.v20190610.jar:/Users/braziltest/.m2/repository/org/seleniumhq/selenium/selenium-firefox-driver/3.4.0/selenium-firefox-driver-3.4.0.jar:/Users/braziltest/.m2/repository/cglib/cglib-nodep/3.2.4/cglib-nodep-3.2.4.jar:/Users/braziltest/.m2/repository/commons-codec/commons-codec/1.11/commons-codec-1.11.jar:/Users/braziltest/.m2/repository/commons-logging/commons-logging/1.2/commons-logging-1.2.jar:/Users/braziltest/.m2/repository/com/google/code/gson/gson/2.8.5/gson-2.8.5.jar:/Users/braziltest/.m2/repository/org/apache/httpcomponents/httpclient/4.5.9/httpclient-4.5.9.jar:/Users/braziltest/.m2/repository/org/apache/httpcomponents/httpcore/4.4.12/httpcore-4.4.12.jar:/Users/braziltest/.m2/repository/net/java/dev/jna/jna/4.5.2/jna-4.5.2.jar:/Users/braziltest/.m2/repository/net/java/dev/jna/jna-platform/4.5.2/jna-platform-4.5.2.jar:/Users/braziltest/.m2/repository/org/seleniumhq/selenium/selenium-chrome-driver/3.4.0/selenium-chrome-driver-3.4.0.jar:/Users/braziltest/.m2/repository/info/cukes/cucumber-java/1.2.5/cucumber-java-1.2.5.jar:/Users/braziltest/.m2/repository/info/cukes/cucumber-core/1.2.5/cucumber-core-1.2.5.jar:/Users/braziltest/.m2/repository/info/cukes/cucumber-html/0.2.3/cucumber-html-0.2.3.jar:/Users/braziltest/.m2/repository/info/cukes/cucumber-jvm-deps/1.0.5/cucumber-jvm-deps-1.0.5.jar:/Users/braziltest/.m2/repository/info/cukes/gherkin/2.12.2/gherkin-2.12.2.jar:/Users/braziltest/.m2/repository/info/cukes/cucumber-junit/1.2.5/cucumber-junit-1.2.5.jar:/Users/braziltest/.m2/repository/junit/junit/4.12/junit-4.12.jar:/Users/braziltest/.m2/repository/com/vimalselvam/cucumber-extentsreport/3.1.1/cucumber-extentsreport-3.1.1.jar:/Users/braziltest/.m2/repository/com/jayway/restassured/rest-assured/2.4.1/rest-assured-2.4.1.jar:/Users/braziltest/.m2/repository/org/codehaus/groovy/groovy/2.5.8/groovy-2.5.8.jar:/Users/braziltest/.m2/repository/org/codehaus/groovy/groovy-xml/2.5.8/groovy-xml-2.5.8.jar:/Users/braziltest/.m2/repository/org/apache/httpcomponents/httpmime/4.5.9/httpmime-4.5.9.jar:/Users/braziltest/.m2/repository/org/ccil/cowan/tagsoup/tagsoup/1.2.1/tagsoup-1.2.1.jar:/Users/braziltest/.m2/repository/com/jayway/restassured/xml-path/2.4.1/xml-path-2.4.1.jar:/Users/braziltest/.m2/repository/com/jayway/restassured/json-path/2.4.1/json-path-2.4.1.jar:/Users/braziltest/.m2/repository/org/codehaus/groovy/groovy-json/2.5.8/groovy-json-2.5.8.jar:/Users/braziltest/.m2/repository/com/jayway/restassured/rest-assured-common/2.4.1/rest-assured-common-2.4.1.jar:/Users/braziltest/.m2/repository/com/jayway/restassured/json-schema-validator/2.4.1/json-schema-validator-2.4.1.jar:/Users/braziltest/.m2/repository/com/github/fge/json-schema-validator/2.2.5/json-schema-validator-2.2.5.jar:/Users/braziltest/.m2/repository/com/github/fge/json-schema-core/1.2.4/json-schema-core-1.2.4.jar:/Users/braziltest/.m2/repository/com/github/fge/uri-template/0.9/uri-template-0.9.jar:/Users/braziltest/.m2/repository/com/github/fge/msg-simple/1.1/msg-simple-1.1.jar:/Users/braziltest/.m2/repository/com/github/fge/btf/1.2/btf-1.2.jar:/Users/braziltest/.m2/repository/com/github/fge/jackson-coreutils/1.8/jackson-coreutils-1.8.jar:/Users/braziltest/.m2/repository/org/mozilla/rhino/1.7R4/rhino-1.7R4.jar:/Users/braziltest/.m2/repository/joda-time/joda-time/2.10.3/joda-time-2.10.3.jar:/Users/braziltest/.m2/repository/com/googlecode/libphonenumber/libphonenumber/6.0/libphonenumber-6.0.jar:/Users/braziltest/.m2/repository/javax/mail/mailapi/1.4.3/mailapi-1.4.3.jar:/Users/braziltest/.m2/repository/net/sf/jopt-simple/jopt-simple/4.6/jopt-simple-4.6.jar:/Users/braziltest/.m2/repository/com/jayway/awaitility/awaitility/1.7.0/awaitility-1.7.0.jar:/Users/braziltest/.m2/repository/org/objenesis/objenesis/2.1/objenesis-2.1.jar:/Users/braziltest/.m2/repository/org/apache/poi/poi-ooxml/3.13/poi-ooxml-3.13.jar:/Users/braziltest/.m2/repository/org/apache/poi/poi/3.13/poi-3.13.jar:/Users/braziltest/.m2/repository/org/apache/poi/poi-ooxml-schemas/3.13/poi-ooxml-schemas-3.13.jar:/Users/braziltest/.m2/repository/org/apache/xmlbeans/xmlbeans/2.6.0/xmlbeans-2.6.0.jar:/Users/braziltest/.m2/repository/stax/stax-api/1.0.1/stax-api-1.0.1.jar:/Users/braziltest/.m2/repository/org/slf4j/slf4j-api/1.7.25/slf4j-api-1.7.25.jar:/Users/braziltest/.m2/repository/com/machinepublishers/jbrowserdriver/0.17.8/jbrowserdriver-0.17.8.jar:/Users/braziltest/.m2/repository/org/apache/httpcomponents/httpclient-cache/4.5.9/httpclient-cache-4.5.9.jar:/Users/braziltest/.m2/repository/org/seleniumhq/selenium/selenium-server/2.53.0/selenium-server-2.53.0.jar:/Users/braziltest/.m2/repository/org/zeroturnaround/zt-process/1.3/zt-process-1.3.jar:/Users/braziltest/.m2/repository/org/zeroturnaround/zt-exec/1.7/zt-exec-1.7.jar:/Users/braziltest/.m2/repository/com/sun/jna/jna/3.0.9/jna-3.0.9.jar:/Users/braziltest/.m2/repository/commons-lang/commons-lang/2.6/commons-lang-2.6.jar:/Users/braziltest/.m2/repository/io/github/lukehutch/fast-classpath-scanner/2.0.16/fast-classpath-scanner-2.0.16.jar:/Users/braziltest/.m2/repository/org/json/json/20171018/json-20171018.jar:/Users/braziltest/.m2/repository/com/aventstack/extentreports-cucumber4-adapter/1.0.6/extentreports-cucumber4-adapter-1.0.6.jar:/Users/braziltest/.m2/repository/com/aventstack/extentreports/4.0.6/extentreports-4.0.6.jar:/Users/braziltest/.m2/repository/org/freemarker/freemarker/2.3.29/freemarker-2.3.29.jar:/Users/braziltest/.m2/repository/org/mongodb/bson/3.8.2/bson-3.8.2.jar:/Users/braziltest/.m2/repository/io/cucumber/cucumber-core/4.0.1/cucumber-core-4.0.1.jar:/Users/braziltest/.m2/repository/io/cucumber/cucumber-html/0.2.7/cucumber-html-0.2.7.jar:/Users/braziltest/.m2/repository/io/cucumber/gherkin/5.1.0/gherkin-5.1.0.jar:/Users/braziltest/.m2/repository/io/cucumber/tag-expressions/1.1.1/tag-expressions-1.1.1.jar:/Users/braziltest/.m2/repository/io/cucumber/cucumber-expressions/6.1.0/cucumber-expressions-6.1.0.jar:/Users/braziltest/.m2/repository/io/cucumber/datatable/1.1.3/datatable-1.1.3.jar:/Users/braziltest/.m2/repository/io/cucumber/datatable-dependencies/1.1.3/datatable-dependencies-1.1.3.jar:/Users/braziltest/.m2/repository/io/cucumber/cucumber-java/4.0.1/cucumber-java-4.0.1.jar:/Users/braziltest/.m2/repository/org/mongodb/mongodb-driver/3.8.2/mongodb-driver-3.8.2.jar:/Users/braziltest/.m2/repository/org/mongodb/mongodb-driver-core/3.8.2/mongodb-driver-core-3.8.2.jar:/Users/braziltest/.m2/repository/io/appium/java-client/3.4.0/java-client-3.4.0.jar:/Users/braziltest/.m2/repository/cglib/cglib/3.1/cglib-3.1.jar:/Users/braziltest/.m2/repository/org/ow2/asm/asm/4.2/asm-4.2.jar:/Users/braziltest/.m2/repository/commons-validator/commons-validator/1.4.1/commons-validator-1.4.1.jar:/Users/braziltest/.m2/repository/commons-beanutils/commons-beanutils/1.8.3/commons-beanutils-1.8.3.jar:/Users/braziltest/.m2/repository/commons-digester/commons-digester/1.8.1/commons-digester-1.8.1.jar:/Users/braziltest/.m2/repository/commons-collections/commons-collections/3.2.1/commons-collections-3.2.1.jar:/Users/braziltest/.m2/repository/javax/xml/bind/jaxb-api/2.2.11/jaxb-api-2.2.11.jar:/Users/braziltest/.m2/repository/com/sun/xml/bind/jaxb-core/2.2.11/jaxb-core-2.2.11.jar:/Users/braziltest/.m2/repository/com/sun/xml/bind/jaxb-impl/2.2.11/jaxb-impl-2.2.11.jar:/Users/braziltest/.m2/repository/javax/activation/activation/1.1.1/activation-1.1.1.jar:/Users/braziltest/.m2/repository/org/xerial/sqlite-jdbc/3.32.3.1/sqlite-jdbc-3.32.3.1.jar:/Users/braziltest/.m2/repository/org/projectlombok/lombok/1.18.6/lombok-1.18.6.jar:/Users/braziltest/.m2/repository/org/apache/sshd/sshd-core/2.5.1/sshd-core-2.5.1.jar:/Users/braziltest/.m2/repository/org/apache/sshd/sshd-common/2.5.1/sshd-common-2.5.1.jar:/Users/braziltest/.m2/repository/com/microsoft/sqlserver/mssql-jdbc/12.2.0.jre11/mssql-jdbc-12.2.0.jre11.jar:/Users/braziltest/.m2/repository/com/google/guava/guava/29.0-jre/guava-29.0-jre.jar:/Users/braziltest/.m2/repository/com/google/guava/failureaccess/1.0.1/failureaccess-1.0.1.jar:/Users/braziltest/.m2/repository/com/google/guava/listenablefuture/9999.0-empty-to-avoid-conflict-with-guava/listenablefuture-9999.0-empty-to-avoid-conflict-with-guava.jar:/Users/braziltest/.m2/repository/com/google/code/findbugs/jsr305/3.0.2/jsr305-3.0.2.jar:/Users/braziltest/.m2/repository/org/checkerframework/checker-qual/2.11.1/checker-qual-2.11.1.jar:/Users/braziltest/.m2/repository/com/google/errorprone/error_prone_annotations/2.3.4/error_prone_annotations-2.3.4.jar:/Users/braziltest/.m2/repository/com/google/j2objc/j2objc-annotations/1.3/j2objc-annotations-1.3.jar:/Users/braziltest/.m2/repository/com/github/2gis/winium/winium-webdriver/0.1.0-1/winium-webdriver-0.1.0-1.jar:/Users/braziltest/.m2/repository/org/seleniumhq/selenium/selenium-edge-driver/3.141.59/selenium-edge-driver-3.141.59.jar:/Users/braziltest/.m2/repository/com/github/javafaker/javafaker/1.0.2/javafaker-1.0.2.jar:/Users/braziltest/.m2/repository/org/apache/commons/commons-lang3/3.8.1/commons-lang3-3.8.1.jar:/Users/braziltest/.m2/repository/org/yaml/snakeyaml/1.23/snakeyaml-1.23-android.jar:/Users/braziltest/.m2/repository/com/github/mifmif/generex/1.0.2/generex-1.0.2.jar:/Users/braziltest/.m2/repository/dk/brics/automaton/automaton/1.11-8/automaton-1.11-8.jar:"/>
    <property name="sun.cpu.endian" value="little"/>
    <property name="user.home" value="/Users/braziltest"/>
    <property name="user.language" value="pt"/>
    <property name="java.specification.vendor" value="Oracle Corporation"/>
    <property name="java.version.date" value="2023-04-18"/>
    <property name="java.home" value="/usr/local/Cellar/openjdk@11/11.0.19/libexec/openjdk.jdk/Contents/Home"/>
    <property name="file.separator" value="/"/>
    <property name="basedir" value="/Users/braziltest/sources/repos/qa-challenge"/>
    <property name="java.vm.compressedOopsMode" value="Zero based"/>
    <property name="line.separator" value="&#10;"/>
    <property name="java.specification.name" value="Java Platform API Specification"/>
    <property name="java.vm.specification.vendor" value="Oracle Corporation"/>
    <property name="java.awt.graphicsenv" value="sun.awt.CGraphicsEnvironment"/>
    <property name="surefire.real.class.path" value="/Users/braziltest/sources/repos/qa-challenge/target/surefire/surefirebooter11846158257713656550.jar"/>
    <property name="sun.management.compiler" value="HotSpot 64-Bit Tiered Compilers"/>
    <property name="ftp.nonProxyHosts" value="local|*.local|169.254/16|*.169.254/16"/>
    <property name="java.runtime.version" value="11.0.19+0"/>
    <property name="user.name" value="braziltest"/>
    <property name="path.separator" value=":"/>
    <property name="os.version" value="13.4.1"/>
    <property name="java.runtime.name" value="OpenJDK Runtime Environment"/>
    <property name="file.encoding" value="UTF-8"/>
    <property name="java.vm.name" value="OpenJDK 64-Bit Server VM"/>
    <property name="java.vendor.version" value="Homebrew"/>
    <property name="localRepository" value="/Users/braziltest/.m2/repository"/>
    <property name="java.vendor.url.bug" value="https://github.com/Homebrew/homebrew-core/issues"/>
    <property name="java.io.tmpdir" value="/var/folders/49/9k0n0b6s1v35nkcrwprq0jv00000gn/T/"/>
    <property name="idea.version" value="2022.2.4"/>
    <property name="java.version" value="11.0.19"/>
    <property name="user.dir" value="/Users/braziltest/sources/repos/qa-challenge"/>
    <property name="os.arch" value="x86_64"/>
    <property name="java.vm.specification.name" value="Java Virtual Machine Specification"/>
    <property name="java.awt.printerjob" value="sun.lwawt.macosx.CPrinterJob"/>
    <property name="sun.os.patch.level" value="unknown"/>
    <property name="java.library.path" value="/Users/braziltest/Library/Java/Extensions:/Library/Java/Extensions:/Network/Library/Java/Extensions:/System/Library/Java/Extensions:/usr/lib/java:."/>
    <property name="java.vm.info" value="mixed mode"/>
    <property name="java.vendor" value="Homebrew"/>
    <property name="java.vm.version" value="11.0.19+0"/>
    <property name="sun.io.unicode.encoding" value="UnicodeBig"/>
    <property name="java.class.version" value="55.0"/>
    <property name="socksNonProxyHosts" value="local|*.local|169.254/16|*.169.254/16"/>
  </properties>
  <testcase name="Given open the test environment &quot;http://localhost:3000/&quot;" classname="| 001 | 001 | Check Page text is display | Github Username |" time="0.005">
    <error message="The driver executable does not exist: /usr/local/bin/chromedriver" type="java.lang.IllegalStateException"><![CDATA[java.lang.IllegalStateException: The driver executable does not exist: /usr/local/bin/chromedriver
]]></error>
    <system-out><![CDATA[#####################################################################################}
                  {STARTING AUTOMATION WAIT PLS - }
#####################################################################################}
Feature: Dev Test Cases

  @regressive @e2e
  Scenario Outline: TS:["<TS>"] - [health Check Page]  - "<Scenario>" - "<Description>" # devtest.feature:8
    When check message on screen "<message>"

    Examples: 
]]></system-out>
  </testcase>
  <testcase name="" classname="| 001 | 001 | Check Page text is display | Github Username |" time="0.005">
    <error message="The driver executable does not exist: /usr/local/bin/chromedriver" type="java.lang.IllegalStateException"><![CDATA[java.lang.IllegalStateException: The driver executable does not exist: /usr/local/bin/chromedriver
]]></error>
  </testcase>
  <testcase name="When check message on screen &quot;Github Username&quot;" classname="| 001 | 001 | Check Page text is display | Github Username |" time="0">
    <skipped/>
    <system-out><![CDATA[
  Background:                                                # devtest.feature:3
    Given open the test environment "http://localhost:3000/" # searchPageSteps.openTheTestEnvironment(String)
      java.lang.IllegalStateException: The driver executable does not exist: /usr/local/bin/chromedriver
      	at com.google.common.base.Preconditions.checkState(Preconditions.java:589)
      	at org.openqa.selenium.remote.service.DriverService.checkExecutable(DriverService.java:137)
      	at org.openqa.selenium.remote.service.DriverService.findExecutable(DriverService.java:132)
      	at org.openqa.selenium.chrome.ChromeDriverService.access$000(ChromeDriverService.java:32)
      	at org.openqa.selenium.chrome.ChromeDriverService$Builder.findDefaultExecutable(ChromeDriverService.java:137)
      	at org.openqa.selenium.remote.service.DriverService$Builder.build(DriverService.java:346)
      	at org.openqa.selenium.chrome.ChromeDriverService.createDefaultService(ChromeDriverService.java:88)
      	at org.openqa.selenium.chrome.ChromeDriver.<init>(ChromeDriver.java:158)
      	at br.com.luisdet.interfaces.Driverfactory.OpenBrowserChrome(Driverfactory.java:45)
      	at br.com.luisdet.interfaces.Driverfactory.getDriver(Driverfactory.java:21)
      	at br.com.luisdet.Steps.searchPageSteps.openTheTestEnvironment(searchPageSteps.java:16)
      	at ✽.Given open the test environment "http://localhost:3000/"(devtest.feature:4)

]]></system-out>
  </testcase>
  <testcase name="Given open the test environment &quot;http://localhost:3000/&quot;" classname="| 001 | 002 | Check Page text inst display | Github Username Luis |" time="0">
    <error message="The driver executable does not exist: /usr/local/bin/chromedriver" type="java.lang.IllegalStateException"><![CDATA[java.lang.IllegalStateException: The driver executable does not exist: /usr/local/bin/chromedriver
]]></error>
    <system-out><![CDATA[
  @regressive @e2e
  Scenario Outline: TS:["001"] - [health Check Page]  - "001" - "Check Page text is display" # devtest.feature:12
    When check message on screen "Github Username"                                           # searchPageSteps.checkMessageOnScreen(String)
]]></system-out>
  </testcase>
  <testcase name="" classname="| 001 | 002 | Check Page text inst display | Github Username Luis |" time="0">
    <error message="The driver executable does not exist: /usr/local/bin/chromedriver" type="java.lang.IllegalStateException"><![CDATA[java.lang.IllegalStateException: The driver executable does not exist: /usr/local/bin/chromedriver
]]></error>
  </testcase>
  <testcase name="When check message on screen &quot;Github Username Luis&quot;" classname="| 001 | 002 | Check Page text inst display | Github Username Luis |" time="0">
    <skipped/>
    <system-out><![CDATA[
  Background:                                                # devtest.feature:3
    Given open the test environment "http://localhost:3000/" # searchPageSteps.openTheTestEnvironment(String)
      java.lang.IllegalStateException: The driver executable does not exist: /usr/local/bin/chromedriver
      	at com.google.common.base.Preconditions.checkState(Preconditions.java:589)
      	at org.openqa.selenium.remote.service.DriverService.checkExecutable(DriverService.java:137)
      	at org.openqa.selenium.remote.service.DriverService.findExecutable(DriverService.java:132)
      	at org.openqa.selenium.chrome.ChromeDriverService.access$000(ChromeDriverService.java:32)
      	at org.openqa.selenium.chrome.ChromeDriverService$Builder.findDefaultExecutable(ChromeDriverService.java:137)
      	at org.openqa.selenium.remote.service.DriverService$Builder.build(DriverService.java:346)
      	at org.openqa.selenium.chrome.ChromeDriverService.createDefaultService(ChromeDriverService.java:88)
      	at org.openqa.selenium.chrome.ChromeDriver.<init>(ChromeDriver.java:158)
      	at br.com.luisdet.interfaces.Driverfactory.OpenBrowserChrome(Driverfactory.java:45)
      	at br.com.luisdet.interfaces.Driverfactory.getDriver(Driverfactory.java:21)
      	at br.com.luisdet.Steps.searchPageSteps.openTheTestEnvironment(searchPageSteps.java:16)
      	at ✽.Given open the test environment "http://localhost:3000/"(devtest.feature:4)

]]></system-out>
  </testcase>
  <testcase name="Given open the test environment &quot;http://localhost:3000/&quot;" classname="| 002 | 001 | Search for a repo in input field and check result | 1 | discourse_docker |" time="0">
    <error message="The driver executable does not exist: /usr/local/bin/chromedriver" type="java.lang.IllegalStateException"><![CDATA[java.lang.IllegalStateException: The driver executable does not exist: /usr/local/bin/chromedriver
]]></error>
    <system-out><![CDATA[
  @regressive @e2e
  Scenario Outline: TS:["001"] - [health Check Page]  - "002" - "Check Page text inst display" # devtest.feature:13
    When check message on screen "Github Username Luis"                                        # searchPageSteps.checkMessageOnScreen(String)

  @regressive1 @e2e
  Scenario Outline: TS:["<TS>"] - [Check Result Page]  - "<Scenario>" - "<Description>" # devtest.feature:16
    When search for a repo "<repo>"
    When check message on screen "<message>"

    Examples: 
]]></system-out>
  </testcase>
  <testcase name="" classname="| 002 | 001 | Search for a repo in input field and check result | 1 | discourse_docker |" time="0">
    <error message="The driver executable does not exist: /usr/local/bin/chromedriver" type="java.lang.IllegalStateException"><![CDATA[java.lang.IllegalStateException: The driver executable does not exist: /usr/local/bin/chromedriver
]]></error>
  </testcase>
  <testcase name="When search for a repo &quot;1&quot;" classname="| 002 | 001 | Search for a repo in input field and check result | 1 | discourse_docker |" time="0">
    <skipped/>
    <system-out><![CDATA[
  Background:                                                # devtest.feature:3
    Given open the test environment "http://localhost:3000/" # searchPageSteps.openTheTestEnvironment(String)
      java.lang.IllegalStateException: The driver executable does not exist: /usr/local/bin/chromedriver
      	at com.google.common.base.Preconditions.checkState(Preconditions.java:589)
      	at org.openqa.selenium.remote.service.DriverService.checkExecutable(DriverService.java:137)
      	at org.openqa.selenium.remote.service.DriverService.findExecutable(DriverService.java:132)
      	at org.openqa.selenium.chrome.ChromeDriverService.access$000(ChromeDriverService.java:32)
      	at org.openqa.selenium.chrome.ChromeDriverService$Builder.findDefaultExecutable(ChromeDriverService.java:137)
      	at org.openqa.selenium.remote.service.DriverService$Builder.build(DriverService.java:346)
      	at org.openqa.selenium.chrome.ChromeDriverService.createDefaultService(ChromeDriverService.java:88)
      	at org.openqa.selenium.chrome.ChromeDriver.<init>(ChromeDriver.java:158)
      	at br.com.luisdet.interfaces.Driverfactory.OpenBrowserChrome(Driverfactory.java:45)
      	at br.com.luisdet.interfaces.Driverfactory.getDriver(Driverfactory.java:21)
      	at br.com.luisdet.Steps.searchPageSteps.openTheTestEnvironment(searchPageSteps.java:16)
      	at ✽.Given open the test environment "http://localhost:3000/"(devtest.feature:4)

]]></system-out>
  </testcase>
  <testcase name="When check message on screen &quot;discourse_docker&quot;" classname="| 002 | 001 | Search for a repo in input field and check result | 1 | discourse_docker |" time="0">
    <skipped/>
  </testcase>
  <testcase name="Given open the test environment &quot;http://localhost:3000/&quot;" classname="| 002 | 001 | Search for a repo in input field and check result | 11 | 2D-Platformer-Engine | GuodGameEngine |" time="0.001">
    <error message="The driver executable does not exist: /usr/local/bin/chromedriver" type="java.lang.IllegalStateException"><![CDATA[java.lang.IllegalStateException: The driver executable does not exist: /usr/local/bin/chromedriver
]]></error>
    <system-out><![CDATA[
  @regressive1 @e2e
  Scenario Outline: TS:["002"] - [Check Result Page]  - "001" - "Search for a repo in input field and check result" # devtest.feature:21
    When search for a repo "1"                                                                                      # searchPageSteps.searchForARepoRepo(String)
    When check message on screen "discourse_docker"                                                                 # searchPageSteps.checkMessageOnScreen(String)

  @regressive2 @e2e
  Scenario Outline: TS:["<TS>"] - [Check Result Page]  - "<Scenario>" - "<Description>" # devtest.feature:26
    When search for a repo "<repo>"
    And navigate on repo "<result>"
    When check message on screen github "<message>"

    Examples: 
]]></system-out>
  </testcase>
  <testcase name="" classname="| 002 | 001 | Search for a repo in input field and check result | 11 | 2D-Platformer-Engine | GuodGameEngine |" time="0.001">
    <error message="The driver executable does not exist: /usr/local/bin/chromedriver" type="java.lang.IllegalStateException"><![CDATA[java.lang.IllegalStateException: The driver executable does not exist: /usr/local/bin/chromedriver
]]></error>
  </testcase>
  <testcase name="When search for a repo &quot;11&quot;" classname="| 002 | 001 | Search for a repo in input field and check result | 11 | 2D-Platformer-Engine | GuodGameEngine |" time="0">
    <skipped/>
    <system-out><![CDATA[
  Background:                                                # devtest.feature:3
    Given open the test environment "http://localhost:3000/" # searchPageSteps.openTheTestEnvironment(String)
      java.lang.IllegalStateException: The driver executable does not exist: /usr/local/bin/chromedriver
      	at com.google.common.base.Preconditions.checkState(Preconditions.java:589)
      	at org.openqa.selenium.remote.service.DriverService.checkExecutable(DriverService.java:137)
      	at org.openqa.selenium.remote.service.DriverService.findExecutable(DriverService.java:132)
      	at org.openqa.selenium.chrome.ChromeDriverService.access$000(ChromeDriverService.java:32)
      	at org.openqa.selenium.chrome.ChromeDriverService$Builder.findDefaultExecutable(ChromeDriverService.java:137)
      	at org.openqa.selenium.remote.service.DriverService$Builder.build(DriverService.java:346)
      	at org.openqa.selenium.chrome.ChromeDriverService.createDefaultService(ChromeDriverService.java:88)
      	at org.openqa.selenium.chrome.ChromeDriver.<init>(ChromeDriver.java:158)
      	at br.com.luisdet.interfaces.Driverfactory.OpenBrowserChrome(Driverfactory.java:45)
      	at br.com.luisdet.interfaces.Driverfactory.getDriver(Driverfactory.java:21)
      	at br.com.luisdet.Steps.searchPageSteps.openTheTestEnvironment(searchPageSteps.java:16)
      	at ✽.Given open the test environment "http://localhost:3000/"(devtest.feature:4)

]]></system-out>
  </testcase>
  <testcase name="And navigate on repo &quot;2D-Platformer-Engine&quot;" classname="| 002 | 001 | Search for a repo in input field and check result | 11 | 2D-Platformer-Engine | GuodGameEngine |" time="0">
    <skipped/>
  </testcase>
  <testcase name="When check message on screen github &quot;GuodGameEngine&quot;" classname="| 002 | 001 | Search for a repo in input field and check result | 11 | 2D-Platformer-Engine | GuodGameEngine |" time="0">
    <skipped/>
  </testcase>
  <testcase name="Given open the test environment &quot;http://localhost:3000/&quot;" classname="| 002 | 001 | Search for a repo in input field and check result | 11 | 2D-Platformer-Engine | test123 |" time="0">
    <error message="The driver executable does not exist: /usr/local/bin/chromedriver" type="java.lang.IllegalStateException"><![CDATA[java.lang.IllegalStateException: The driver executable does not exist: /usr/local/bin/chromedriver
]]></error>
    <system-out><![CDATA[
  @regressive2 @e2e
  Scenario Outline: TS:["002"] - [Check Result Page]  - "001" - "Search for a repo in input field and check result" # devtest.feature:32
    When search for a repo "11"                                                                                     # searchPageSteps.searchForARepoRepo(String)
    And navigate on repo "2D-Platformer-Engine"                                                                     # searchPageSteps.navigateOnRepo(String)
    When check message on screen github "GuodGameEngine"                                                            # searchPageSteps.checkMessageOnScreenGithub(String)
]]></system-out>
  </testcase>
  <testcase name="" classname="| 002 | 001 | Search for a repo in input field and check result | 11 | 2D-Platformer-Engine | test123 |" time="0.001">
    <error message="The driver executable does not exist: /usr/local/bin/chromedriver" type="java.lang.IllegalStateException"><![CDATA[java.lang.IllegalStateException: The driver executable does not exist: /usr/local/bin/chromedriver
]]></error>
  </testcase>
  <testcase name="When search for a repo &quot;11&quot;" classname="| 002 | 001 | Search for a repo in input field and check result | 11 | 2D-Platformer-Engine | test123 |" time="0">
    <skipped/>
    <system-out><![CDATA[
  Background:                                                # devtest.feature:3
    Given open the test environment "http://localhost:3000/" # searchPageSteps.openTheTestEnvironment(String)
      java.lang.IllegalStateException: The driver executable does not exist: /usr/local/bin/chromedriver
      	at com.google.common.base.Preconditions.checkState(Preconditions.java:589)
      	at org.openqa.selenium.remote.service.DriverService.checkExecutable(DriverService.java:137)
      	at org.openqa.selenium.remote.service.DriverService.findExecutable(DriverService.java:132)
      	at org.openqa.selenium.chrome.ChromeDriverService.access$000(ChromeDriverService.java:32)
      	at org.openqa.selenium.chrome.ChromeDriverService$Builder.findDefaultExecutable(ChromeDriverService.java:137)
      	at org.openqa.selenium.remote.service.DriverService$Builder.build(DriverService.java:346)
      	at org.openqa.selenium.chrome.ChromeDriverService.createDefaultService(ChromeDriverService.java:88)
      	at org.openqa.selenium.chrome.ChromeDriver.<init>(ChromeDriver.java:158)
      	at br.com.luisdet.interfaces.Driverfactory.OpenBrowserChrome(Driverfactory.java:45)
      	at br.com.luisdet.interfaces.Driverfactory.getDriver(Driverfactory.java:21)
      	at br.com.luisdet.Steps.searchPageSteps.openTheTestEnvironment(searchPageSteps.java:16)
      	at ✽.Given open the test environment "http://localhost:3000/"(devtest.feature:4)

]]></system-out>
  </testcase>
  <testcase name="And navigate on repo &quot;2D-Platformer-Engine&quot;" classname="| 002 | 001 | Search for a repo in input field and check result | 11 | 2D-Platformer-Engine | test123 |" time="0">
    <skipped/>
  </testcase>
  <testcase name="When check message on screen github &quot;test123&quot;" classname="| 002 | 001 | Search for a repo in input field and check result | 11 | 2D-Platformer-Engine | test123 |" time="0">
    <skipped/>
  </testcase>
  <testcase name="" classname="br.com.luisdet.Runners.Runner" time="0.033">
    <error type="java.lang.NullPointerException"><![CDATA[java.lang.NullPointerException
]]></error>
    <system-out><![CDATA[
  @regressive2 @e2e
  Scenario Outline: TS:["002"] - [Check Result Page]  - "001" - "Search for a repo in input field and check result" # devtest.feature:33
    When search for a repo "11"                                                                                     # searchPageSteps.searchForARepoRepo(String)
    And navigate on repo "2D-Platformer-Engine"                                                                     # searchPageSteps.navigateOnRepo(String)
    When check message on screen github "test123"                                                                   # searchPageSteps.checkMessageOnScreenGithub(String)
Finalizando Testes
#####################################################################################}
                  { CLOSING AUTOMATION ..}
#####################################################################################}
]]></system-out>
  </testcase>
</testsuite>